  my_viewer.cpp
libsig32mdd.lib(gs.obj) : warning LNK4099: PDB 'libsig32mdd.pdb' was not found with 'libsig32mdd.lib(gs.obj)' or at 'C:\Users\Veronica\Documents\CSE170\PA7\sigpolyed\vs2017\obj\sigapp_Debug_Win32_v141\libsig32mdd.pdb'; linking object as if no debug info
libsig32mdd.lib(gs_array.obj) : warning LNK4099: PDB 'libsig32mdd.pdb' was not found with 'libsig32mdd.lib(gs_array.obj)' or at 'C:\Users\Veronica\Documents\CSE170\PA7\sigpolyed\vs2017\obj\sigapp_Debug_Win32_v141\libsig32mdd.pdb'; linking object as if no debug info
libsig32mdd.lib(gs_box.obj) : warning LNK4099: PDB 'libsig32mdd.pdb' was not found with 'libsig32mdd.lib(gs_box.obj)' or at 'C:\Users\Veronica\Documents\CSE170\PA7\sigpolyed\vs2017\obj\sigapp_Debug_Win32_v141\libsig32mdd.pdb'; linking object as if no debug info
libsig32mdd.lib(gs_buffer.obj) : warning LNK4099: PDB 'libsig32mdd.pdb' was not found with 'libsig32mdd.lib(gs_buffer.obj)' or at 'C:\Users\Veronica\Documents\CSE170\PA7\sigpolyed\vs2017\obj\sigapp_Debug_Win32_v141\libsig32mdd.pdb'; linking object as if no debug info
libsig32mdd.lib(gs_camera.obj) : warning LNK4099: PDB 'libsig32mdd.pdb' was not found with 'libsig32mdd.lib(gs_camera.obj)' or at 'C:\Users\Veronica\Documents\CSE170\PA7\sigpolyed\vs2017\obj\sigapp_Debug_Win32_v141\libsig32mdd.pdb'; linking object as if no debug info
libsig32mdd.lib(gs_color.obj) : warning LNK4099: PDB 'libsig32mdd.pdb' was not found with 'libsig32mdd.lib(gs_color.obj)' or at 'C:\Users\Veronica\Documents\CSE170\PA7\sigpolyed\vs2017\obj\sigapp_Debug_Win32_v141\libsig32mdd.pdb'; linking object as if no debug info
libsig32mdd.lib(gs_dirs.obj) : warning LNK4099: PDB 'libsig32mdd.pdb' was not found with 'libsig32mdd.lib(gs_dirs.obj)' or at 'C:\Users\Veronica\Documents\CSE170\PA7\sigpolyed\vs2017\obj\sigapp_Debug_Win32_v141\libsig32mdd.pdb'; linking object as if no debug info
libsig32mdd.lib(gs_euler.obj) : warning LNK4099: PDB 'libsig32mdd.pdb' was not found with 'libsig32mdd.lib(gs_euler.obj)' or at 'C:\Users\Veronica\Documents\CSE170\PA7\sigpolyed\vs2017\obj\sigapp_Debug_Win32_v141\libsig32mdd.pdb'; linking object as if no debug info
libsig32mdd.lib(gs_event.obj) : warning LNK4099: PDB 'libsig32mdd.pdb' was not found with 'libsig32mdd.lib(gs_event.obj)' or at 'C:\Users\Veronica\Documents\CSE170\PA7\sigpolyed\vs2017\obj\sigapp_Debug_Win32_v141\libsig32mdd.pdb'; linking object as if no debug info
libsig32mdd.lib(gs_font.obj) : warning LNK4099: PDB 'libsig32mdd.pdb' was not found with 'libsig32mdd.lib(gs_font.obj)' or at 'C:\Users\Veronica\Documents\CSE170\PA7\sigpolyed\vs2017\obj\sigapp_Debug_Win32_v141\libsig32mdd.pdb'; linking object as if no debug info
libsig32mdd.lib(gs_geo2.obj) : warning LNK4099: PDB 'libsig32mdd.pdb' was not found with 'libsig32mdd.lib(gs_geo2.obj)' or at 'C:\Users\Veronica\Documents\CSE170\PA7\sigpolyed\vs2017\obj\sigapp_Debug_Win32_v141\libsig32mdd.pdb'; linking object as if no debug info
libsig32mdd.lib(gs_image.obj) : warning LNK4099: PDB 'libsig32mdd.pdb' was not found with 'libsig32mdd.lib(gs_image.obj)' or at 'C:\Users\Veronica\Documents\CSE170\PA7\sigpolyed\vs2017\obj\sigapp_Debug_Win32_v141\libsig32mdd.pdb'; linking object as if no debug info
libsig32mdd.lib(gs_input.obj) : warning LNK4099: PDB 'libsig32mdd.pdb' was not found with 'libsig32mdd.lib(gs_input.obj)' or at 'C:\Users\Veronica\Documents\CSE170\PA7\sigpolyed\vs2017\obj\sigapp_Debug_Win32_v141\libsig32mdd.pdb'; linking object as if no debug info
libsig32mdd.lib(gs_light.obj) : warning LNK4099: PDB 'libsig32mdd.pdb' was not found with 'libsig32mdd.lib(gs_light.obj)' or at 'C:\Users\Veronica\Documents\CSE170\PA7\sigpolyed\vs2017\obj\sigapp_Debug_Win32_v141\libsig32mdd.pdb'; linking object as if no debug info
libsig32mdd.lib(gs_line.obj) : warning LNK4099: PDB 'libsig32mdd.pdb' was not found with 'libsig32mdd.lib(gs_line.obj)' or at 'C:\Users\Veronica\Documents\CSE170\PA7\sigpolyed\vs2017\obj\sigapp_Debug_Win32_v141\libsig32mdd.pdb'; linking object as if no debug info
libsig32mdd.lib(gs_mat.obj) : warning LNK4099: PDB 'libsig32mdd.pdb' was not found with 'libsig32mdd.lib(gs_mat.obj)' or at 'C:\Users\Veronica\Documents\CSE170\PA7\sigpolyed\vs2017\obj\sigapp_Debug_Win32_v141\libsig32mdd.pdb'; linking object as if no debug info
libsig32mdd.lib(gs_material.obj) : warning LNK4099: PDB 'libsig32mdd.pdb' was not found with 'libsig32mdd.lib(gs_material.obj)' or at 'C:\Users\Veronica\Documents\CSE170\PA7\sigpolyed\vs2017\obj\sigapp_Debug_Win32_v141\libsig32mdd.pdb'; linking object as if no debug info
libsig32mdd.lib(gs_model.obj) : warning LNK4099: PDB 'libsig32mdd.pdb' was not found with 'libsig32mdd.lib(gs_model.obj)' or at 'C:\Users\Veronica\Documents\CSE170\PA7\sigpolyed\vs2017\obj\sigapp_Debug_Win32_v141\libsig32mdd.pdb'; linking object as if no debug info
libsig32mdd.lib(gs_model_3ds.obj) : warning LNK4099: PDB 'libsig32mdd.pdb' was not found with 'libsig32mdd.lib(gs_model_3ds.obj)' or at 'C:\Users\Veronica\Documents\CSE170\PA7\sigpolyed\vs2017\obj\sigapp_Debug_Win32_v141\libsig32mdd.pdb'; linking object as if no debug info
libsig32mdd.lib(gs_model_io.obj) : warning LNK4099: PDB 'libsig32mdd.pdb' was not found with 'libsig32mdd.lib(gs_model_io.obj)' or at 'C:\Users\Veronica\Documents\CSE170\PA7\sigpolyed\vs2017\obj\sigapp_Debug_Win32_v141\libsig32mdd.pdb'; linking object as if no debug info
libsig32mdd.lib(gs_model_iv.obj) : warning LNK4099: PDB 'libsig32mdd.pdb' was not found with 'libsig32mdd.lib(gs_model_iv.obj)' or at 'C:\Users\Veronica\Documents\CSE170\PA7\sigpolyed\vs2017\obj\sigapp_Debug_Win32_v141\libsig32mdd.pdb'; linking object as if no debug info
libsig32mdd.lib(gs_model_make.obj) : warning LNK4099: PDB 'libsig32mdd.pdb' was not found with 'libsig32mdd.lib(gs_model_make.obj)' or at 'C:\Users\Veronica\Documents\CSE170\PA7\sigpolyed\vs2017\obj\sigapp_Debug_Win32_v141\libsig32mdd.pdb'; linking object as if no debug info
libsig32mdd.lib(gs_model_obj.obj) : warning LNK4099: PDB 'libsig32mdd.pdb' was not found with 'libsig32mdd.lib(gs_model_obj.obj)' or at 'C:\Users\Veronica\Documents\CSE170\PA7\sigpolyed\vs2017\obj\sigapp_Debug_Win32_v141\libsig32mdd.pdb'; linking object as if no debug info
libsig32mdd.lib(gs_output.obj) : warning LNK4099: PDB 'libsig32mdd.pdb' was not found with 'libsig32mdd.lib(gs_output.obj)' or at 'C:\Users\Veronica\Documents\CSE170\PA7\sigpolyed\vs2017\obj\sigapp_Debug_Win32_v141\libsig32mdd.pdb'; linking object as if no debug info
libsig32mdd.lib(gs_plane.obj) : warning LNK4099: PDB 'libsig32mdd.pdb' was not found with 'libsig32mdd.lib(gs_plane.obj)' or at 'C:\Users\Veronica\Documents\CSE170\PA7\sigpolyed\vs2017\obj\sigapp_Debug_Win32_v141\libsig32mdd.pdb'; linking object as if no debug info
libsig32mdd.lib(gs_polygon.obj) : warning LNK4099: PDB 'libsig32mdd.pdb' was not found with 'libsig32mdd.lib(gs_polygon.obj)' or at 'C:\Users\Veronica\Documents\CSE170\PA7\sigpolyed\vs2017\obj\sigapp_Debug_Win32_v141\libsig32mdd.pdb'; linking object as if no debug info
libsig32mdd.lib(gs_polygons.obj) : warning LNK4099: PDB 'libsig32mdd.pdb' was not found with 'libsig32mdd.lib(gs_polygons.obj)' or at 'C:\Users\Veronica\Documents\CSE170\PA7\sigpolyed\vs2017\obj\sigapp_Debug_Win32_v141\libsig32mdd.pdb'; linking object as if no debug info
libsig32mdd.lib(gs_primitive.obj) : warning LNK4099: PDB 'libsig32mdd.pdb' was not found with 'libsig32mdd.lib(gs_primitive.obj)' or at 'C:\Users\Veronica\Documents\CSE170\PA7\sigpolyed\vs2017\obj\sigapp_Debug_Win32_v141\libsig32mdd.pdb'; linking object as if no debug info
libsig32mdd.lib(gs_quat.obj) : warning LNK4099: PDB 'libsig32mdd.pdb' was not found with 'libsig32mdd.lib(gs_quat.obj)' or at 'C:\Users\Veronica\Documents\CSE170\PA7\sigpolyed\vs2017\obj\sigapp_Debug_Win32_v141\libsig32mdd.pdb'; linking object as if no debug info
libsig32mdd.lib(gs_rect.obj) : warning LNK4099: PDB 'libsig32mdd.pdb' was not found with 'libsig32mdd.lib(gs_rect.obj)' or at 'C:\Users\Veronica\Documents\CSE170\PA7\sigpolyed\vs2017\obj\sigapp_Debug_Win32_v141\libsig32mdd.pdb'; linking object as if no debug info
libsig32mdd.lib(gs_shareable.obj) : warning LNK4099: PDB 'libsig32mdd.pdb' was not found with 'libsig32mdd.lib(gs_shareable.obj)' or at 'C:\Users\Veronica\Documents\CSE170\PA7\sigpolyed\vs2017\obj\sigapp_Debug_Win32_v141\libsig32mdd.pdb'; linking object as if no debug info
libsig32mdd.lib(gs_string.obj) : warning LNK4099: PDB 'libsig32mdd.pdb' was not found with 'libsig32mdd.lib(gs_string.obj)' or at 'C:\Users\Veronica\Documents\CSE170\PA7\sigpolyed\vs2017\obj\sigapp_Debug_Win32_v141\libsig32mdd.pdb'; linking object as if no debug info
libsig32mdd.lib(gs_strings.obj) : warning LNK4099: PDB 'libsig32mdd.pdb' was not found with 'libsig32mdd.lib(gs_strings.obj)' or at 'C:\Users\Veronica\Documents\CSE170\PA7\sigpolyed\vs2017\obj\sigapp_Debug_Win32_v141\libsig32mdd.pdb'; linking object as if no debug info
libsig32mdd.lib(gs_table.obj) : warning LNK4099: PDB 'libsig32mdd.pdb' was not found with 'libsig32mdd.lib(gs_table.obj)' or at 'C:\Users\Veronica\Documents\CSE170\PA7\sigpolyed\vs2017\obj\sigapp_Debug_Win32_v141\libsig32mdd.pdb'; linking object as if no debug info
libsig32mdd.lib(gs_timer.obj) : warning LNK4099: PDB 'libsig32mdd.pdb' was not found with 'libsig32mdd.lib(gs_timer.obj)' or at 'C:\Users\Veronica\Documents\CSE170\PA7\sigpolyed\vs2017\obj\sigapp_Debug_Win32_v141\libsig32mdd.pdb'; linking object as if no debug info
libsig32mdd.lib(gs_trackball.obj) : warning LNK4099: PDB 'libsig32mdd.pdb' was not found with 'libsig32mdd.lib(gs_trackball.obj)' or at 'C:\Users\Veronica\Documents\CSE170\PA7\sigpolyed\vs2017\obj\sigapp_Debug_Win32_v141\libsig32mdd.pdb'; linking object as if no debug info
libsig32mdd.lib(gs_var.obj) : warning LNK4099: PDB 'libsig32mdd.pdb' was not found with 'libsig32mdd.lib(gs_var.obj)' or at 'C:\Users\Veronica\Documents\CSE170\PA7\sigpolyed\vs2017\obj\sigapp_Debug_Win32_v141\libsig32mdd.pdb'; linking object as if no debug info
libsig32mdd.lib(gs_vars.obj) : warning LNK4099: PDB 'libsig32mdd.pdb' was not found with 'libsig32mdd.lib(gs_vars.obj)' or at 'C:\Users\Veronica\Documents\CSE170\PA7\sigpolyed\vs2017\obj\sigapp_Debug_Win32_v141\libsig32mdd.pdb'; linking object as if no debug info
libsig32mdd.lib(gs_vec.obj) : warning LNK4099: PDB 'libsig32mdd.pdb' was not found with 'libsig32mdd.lib(gs_vec.obj)' or at 'C:\Users\Veronica\Documents\CSE170\PA7\sigpolyed\vs2017\obj\sigapp_Debug_Win32_v141\libsig32mdd.pdb'; linking object as if no debug info
libsig32mdd.lib(gs_vec2.obj) : warning LNK4099: PDB 'libsig32mdd.pdb' was not found with 'libsig32mdd.lib(gs_vec2.obj)' or at 'C:\Users\Veronica\Documents\CSE170\PA7\sigpolyed\vs2017\obj\sigapp_Debug_Win32_v141\libsig32mdd.pdb'; linking object as if no debug info
libsig32mdd.lib(sa_action.obj) : warning LNK4099: PDB 'libsig32mdd.pdb' was not found with 'libsig32mdd.lib(sa_action.obj)' or at 'C:\Users\Veronica\Documents\CSE170\PA7\sigpolyed\vs2017\obj\sigapp_Debug_Win32_v141\libsig32mdd.pdb'; linking object as if no debug info
libsig32mdd.lib(sa_bbox.obj) : warning LNK4099: PDB 'libsig32mdd.pdb' was not found with 'libsig32mdd.lib(sa_bbox.obj)' or at 'C:\Users\Veronica\Documents\CSE170\PA7\sigpolyed\vs2017\obj\sigapp_Debug_Win32_v141\libsig32mdd.pdb'; linking object as if no debug info
libsig32mdd.lib(sa_eps_export.obj) : warning LNK4099: PDB 'libsig32mdd.pdb' was not found with 'libsig32mdd.lib(sa_eps_export.obj)' or at 'C:\Users\Veronica\Documents\CSE170\PA7\sigpolyed\vs2017\obj\sigapp_Debug_Win32_v141\libsig32mdd.pdb'; linking object as if no debug info
libsig32mdd.lib(sa_event.obj) : warning LNK4099: PDB 'libsig32mdd.pdb' was not found with 'libsig32mdd.lib(sa_event.obj)' or at 'C:\Users\Veronica\Documents\CSE170\PA7\sigpolyed\vs2017\obj\sigapp_Debug_Win32_v141\libsig32mdd.pdb'; linking object as if no debug info
libsig32mdd.lib(sa_model_export.obj) : warning LNK4099: PDB 'libsig32mdd.pdb' was not found with 'libsig32mdd.lib(sa_model_export.obj)' or at 'C:\Users\Veronica\Documents\CSE170\PA7\sigpolyed\vs2017\obj\sigapp_Debug_Win32_v141\libsig32mdd.pdb'; linking object as if no debug info
libsig32mdd.lib(sa_render_mode.obj) : warning LNK4099: PDB 'libsig32mdd.pdb' was not found with 'libsig32mdd.lib(sa_render_mode.obj)' or at 'C:\Users\Veronica\Documents\CSE170\PA7\sigpolyed\vs2017\obj\sigapp_Debug_Win32_v141\libsig32mdd.pdb'; linking object as if no debug info
libsig32mdd.lib(sn_editor.obj) : warning LNK4099: PDB 'libsig32mdd.pdb' was not found with 'libsig32mdd.lib(sn_editor.obj)' or at 'C:\Users\Veronica\Documents\CSE170\PA7\sigpolyed\vs2017\obj\sigapp_Debug_Win32_v141\libsig32mdd.pdb'; linking object as if no debug info
libsig32mdd.lib(sn_group.obj) : warning LNK4099: PDB 'libsig32mdd.pdb' was not found with 'libsig32mdd.lib(sn_group.obj)' or at 'C:\Users\Veronica\Documents\CSE170\PA7\sigpolyed\vs2017\obj\sigapp_Debug_Win32_v141\libsig32mdd.pdb'; linking object as if no debug info
libsig32mdd.lib(sn_lines.obj) : warning LNK4099: PDB 'libsig32mdd.pdb' was not found with 'libsig32mdd.lib(sn_lines.obj)' or at 'C:\Users\Veronica\Documents\CSE170\PA7\sigpolyed\vs2017\obj\sigapp_Debug_Win32_v141\libsig32mdd.pdb'; linking object as if no debug info
libsig32mdd.lib(sn_lines2.obj) : warning LNK4099: PDB 'libsig32mdd.pdb' was not found with 'libsig32mdd.lib(sn_lines2.obj)' or at 'C:\Users\Veronica\Documents\CSE170\PA7\sigpolyed\vs2017\obj\sigapp_Debug_Win32_v141\libsig32mdd.pdb'; linking object as if no debug info
libsig32mdd.lib(sn_manipulator.obj) : warning LNK4099: PDB 'libsig32mdd.pdb' was not found with 'libsig32mdd.lib(sn_manipulator.obj)' or at 'C:\Users\Veronica\Documents\CSE170\PA7\sigpolyed\vs2017\obj\sigapp_Debug_Win32_v141\libsig32mdd.pdb'; linking object as if no debug info
libsig32mdd.lib(sn_model.obj) : warning LNK4099: PDB 'libsig32mdd.pdb' was not found with 'libsig32mdd.lib(sn_model.obj)' or at 'C:\Users\Veronica\Documents\CSE170\PA7\sigpolyed\vs2017\obj\sigapp_Debug_Win32_v141\libsig32mdd.pdb'; linking object as if no debug info
libsig32mdd.lib(sn_node.obj) : warning LNK4099: PDB 'libsig32mdd.pdb' was not found with 'libsig32mdd.lib(sn_node.obj)' or at 'C:\Users\Veronica\Documents\CSE170\PA7\sigpolyed\vs2017\obj\sigapp_Debug_Win32_v141\libsig32mdd.pdb'; linking object as if no debug info
libsig32mdd.lib(sn_points.obj) : warning LNK4099: PDB 'libsig32mdd.pdb' was not found with 'libsig32mdd.lib(sn_points.obj)' or at 'C:\Users\Veronica\Documents\CSE170\PA7\sigpolyed\vs2017\obj\sigapp_Debug_Win32_v141\libsig32mdd.pdb'; linking object as if no debug info
libsig32mdd.lib(sn_poly_editor.obj) : warning LNK4099: PDB 'libsig32mdd.pdb' was not found with 'libsig32mdd.lib(sn_poly_editor.obj)' or at 'C:\Users\Veronica\Documents\CSE170\PA7\sigpolyed\vs2017\obj\sigapp_Debug_Win32_v141\libsig32mdd.pdb'; linking object as if no debug info
libsig32mdd.lib(sn_polygons.obj) : warning LNK4099: PDB 'libsig32mdd.pdb' was not found with 'libsig32mdd.lib(sn_polygons.obj)' or at 'C:\Users\Veronica\Documents\CSE170\PA7\sigpolyed\vs2017\obj\sigapp_Debug_Win32_v141\libsig32mdd.pdb'; linking object as if no debug info
libsig32mdd.lib(sn_shape.obj) : warning LNK4099: PDB 'libsig32mdd.pdb' was not found with 'libsig32mdd.lib(sn_shape.obj)' or at 'C:\Users\Veronica\Documents\CSE170\PA7\sigpolyed\vs2017\obj\sigapp_Debug_Win32_v141\libsig32mdd.pdb'; linking object as if no debug info
libsig32mdd.lib(sn_text.obj) : warning LNK4099: PDB 'libsig32mdd.pdb' was not found with 'libsig32mdd.lib(sn_text.obj)' or at 'C:\Users\Veronica\Documents\CSE170\PA7\sigpolyed\vs2017\obj\sigapp_Debug_Win32_v141\libsig32mdd.pdb'; linking object as if no debug info
libsig32mdd.lib(sn_planar_objects.obj) : warning LNK4099: PDB 'libsig32mdd.pdb' was not found with 'libsig32mdd.lib(sn_planar_objects.obj)' or at 'C:\Users\Veronica\Documents\CSE170\PA7\sigpolyed\vs2017\obj\sigapp_Debug_Win32_v141\libsig32mdd.pdb'; linking object as if no debug info
libsigogl32mdd.lib(glr_text.obj) : warning LNK4099: PDB 'libsigogl32mdd.pdb' was not found with 'libsigogl32mdd.lib(glr_text.obj)' or at 'C:\Users\Veronica\Documents\CSE170\PA7\sigpolyed\vs2017\obj\sigapp_Debug_Win32_v141\libsigogl32mdd.pdb'; linking object as if no debug info
libsigogl32mdd.lib(glr_points.obj) : warning LNK4099: PDB 'libsigogl32mdd.pdb' was not found with 'libsigogl32mdd.lib(glr_points.obj)' or at 'C:\Users\Veronica\Documents\CSE170\PA7\sigpolyed\vs2017\obj\sigapp_Debug_Win32_v141\libsigogl32mdd.pdb'; linking object as if no debug info
libsigogl32mdd.lib(glr_planar_objects.obj) : warning LNK4099: PDB 'libsigogl32mdd.pdb' was not found with 'libsigogl32mdd.lib(glr_planar_objects.obj)' or at 'C:\Users\Veronica\Documents\CSE170\PA7\sigpolyed\vs2017\obj\sigapp_Debug_Win32_v141\libsigogl32mdd.pdb'; linking object as if no debug info
libsigogl32mdd.lib(glr_lines.obj) : warning LNK4099: PDB 'libsigogl32mdd.pdb' was not found with 'libsigogl32mdd.lib(glr_lines.obj)' or at 'C:\Users\Veronica\Documents\CSE170\PA7\sigpolyed\vs2017\obj\sigapp_Debug_Win32_v141\libsigogl32mdd.pdb'; linking object as if no debug info
libsigogl32mdd.lib(glr_model.obj) : warning LNK4099: PDB 'libsigogl32mdd.pdb' was not found with 'libsigogl32mdd.lib(glr_model.obj)' or at 'C:\Users\Veronica\Documents\CSE170\PA7\sigpolyed\vs2017\obj\sigapp_Debug_Win32_v141\libsigogl32mdd.pdb'; linking object as if no debug info
libsigogl32mdd.lib(glr_base.obj) : warning LNK4099: PDB 'libsigogl32mdd.pdb' was not found with 'libsigogl32mdd.lib(glr_base.obj)' or at 'C:\Users\Veronica\Documents\CSE170\PA7\sigpolyed\vs2017\obj\sigapp_Debug_Win32_v141\libsigogl32mdd.pdb'; linking object as if no debug info
libsigogl32mdd.lib(gl_context.obj) : warning LNK4099: PDB 'libsigogl32mdd.pdb' was not found with 'libsigogl32mdd.lib(gl_context.obj)' or at 'C:\Users\Veronica\Documents\CSE170\PA7\sigpolyed\vs2017\obj\sigapp_Debug_Win32_v141\libsigogl32mdd.pdb'; linking object as if no debug info
libsigogl32mdd.lib(gl_font.obj) : warning LNK4099: PDB 'libsigogl32mdd.pdb' was not found with 'libsigogl32mdd.lib(gl_font.obj)' or at 'C:\Users\Veronica\Documents\CSE170\PA7\sigpolyed\vs2017\obj\sigapp_Debug_Win32_v141\libsigogl32mdd.pdb'; linking object as if no debug info
libsigogl32mdd.lib(gl_objects.obj) : warning LNK4099: PDB 'libsigogl32mdd.pdb' was not found with 'libsigogl32mdd.lib(gl_objects.obj)' or at 'C:\Users\Veronica\Documents\CSE170\PA7\sigpolyed\vs2017\obj\sigapp_Debug_Win32_v141\libsigogl32mdd.pdb'; linking object as if no debug info
libsigogl32mdd.lib(gl_program.obj) : warning LNK4099: PDB 'libsigogl32mdd.pdb' was not found with 'libsigogl32mdd.lib(gl_program.obj)' or at 'C:\Users\Veronica\Documents\CSE170\PA7\sigpolyed\vs2017\obj\sigapp_Debug_Win32_v141\libsigogl32mdd.pdb'; linking object as if no debug info
libsigogl32mdd.lib(gl_renderer.obj) : warning LNK4099: PDB 'libsigogl32mdd.pdb' was not found with 'libsigogl32mdd.lib(gl_renderer.obj)' or at 'C:\Users\Veronica\Documents\CSE170\PA7\sigpolyed\vs2017\obj\sigapp_Debug_Win32_v141\libsigogl32mdd.pdb'; linking object as if no debug info
libsigogl32mdd.lib(gl_resources.obj) : warning LNK4099: PDB 'libsigogl32mdd.pdb' was not found with 'libsigogl32mdd.lib(gl_resources.obj)' or at 'C:\Users\Veronica\Documents\CSE170\PA7\sigpolyed\vs2017\obj\sigapp_Debug_Win32_v141\libsigogl32mdd.pdb'; linking object as if no debug info
libsigogl32mdd.lib(gl_shader.obj) : warning LNK4099: PDB 'libsigogl32mdd.pdb' was not found with 'libsigogl32mdd.lib(gl_shader.obj)' or at 'C:\Users\Veronica\Documents\CSE170\PA7\sigpolyed\vs2017\obj\sigapp_Debug_Win32_v141\libsigogl32mdd.pdb'; linking object as if no debug info
libsigogl32mdd.lib(gl_texture.obj) : warning LNK4099: PDB 'libsigogl32mdd.pdb' was not found with 'libsigogl32mdd.lib(gl_texture.obj)' or at 'C:\Users\Veronica\Documents\CSE170\PA7\sigpolyed\vs2017\obj\sigapp_Debug_Win32_v141\libsigogl32mdd.pdb'; linking object as if no debug info
libsigogl32mdd.lib(gl_tools.obj) : warning LNK4099: PDB 'libsigogl32mdd.pdb' was not found with 'libsigogl32mdd.lib(gl_tools.obj)' or at 'C:\Users\Veronica\Documents\CSE170\PA7\sigpolyed\vs2017\obj\sigapp_Debug_Win32_v141\libsigogl32mdd.pdb'; linking object as if no debug info
libsigogl32mdd.lib(ui_button.obj) : warning LNK4099: PDB 'libsigogl32mdd.pdb' was not found with 'libsigogl32mdd.lib(ui_button.obj)' or at 'C:\Users\Veronica\Documents\CSE170\PA7\sigpolyed\vs2017\obj\sigapp_Debug_Win32_v141\libsigogl32mdd.pdb'; linking object as if no debug info
libsigogl32mdd.lib(ui_panel.obj) : warning LNK4099: PDB 'libsigogl32mdd.pdb' was not found with 'libsigogl32mdd.lib(ui_panel.obj)' or at 'C:\Users\Veronica\Documents\CSE170\PA7\sigpolyed\vs2017\obj\sigapp_Debug_Win32_v141\libsigogl32mdd.pdb'; linking object as if no debug info
libsigogl32mdd.lib(ui_style.obj) : warning LNK4099: PDB 'libsigogl32mdd.pdb' was not found with 'libsigogl32mdd.lib(ui_style.obj)' or at 'C:\Users\Veronica\Documents\CSE170\PA7\sigpolyed\vs2017\obj\sigapp_Debug_Win32_v141\libsigogl32mdd.pdb'; linking object as if no debug info
libsigogl32mdd.lib(gl_loader.obj) : warning LNK4099: PDB 'libsigogl32mdd.pdb' was not found with 'libsigogl32mdd.lib(gl_loader.obj)' or at 'C:\Users\Veronica\Documents\CSE170\PA7\sigpolyed\vs2017\obj\sigapp_Debug_Win32_v141\libsigogl32mdd.pdb'; linking object as if no debug info
libsigogl32mdd.lib(ws_dialog.obj) : warning LNK4099: PDB 'libsigogl32mdd.pdb' was not found with 'libsigogl32mdd.lib(ws_dialog.obj)' or at 'C:\Users\Veronica\Documents\CSE170\PA7\sigpolyed\vs2017\obj\sigapp_Debug_Win32_v141\libsigogl32mdd.pdb'; linking object as if no debug info
libsigogl32mdd.lib(ws_run.obj) : warning LNK4099: PDB 'libsigogl32mdd.pdb' was not found with 'libsigogl32mdd.lib(ws_run.obj)' or at 'C:\Users\Veronica\Documents\CSE170\PA7\sigpolyed\vs2017\obj\sigapp_Debug_Win32_v141\libsigogl32mdd.pdb'; linking object as if no debug info
libsigogl32mdd.lib(ws_viewer.obj) : warning LNK4099: PDB 'libsigogl32mdd.pdb' was not found with 'libsigogl32mdd.lib(ws_viewer.obj)' or at 'C:\Users\Veronica\Documents\CSE170\PA7\sigpolyed\vs2017\obj\sigapp_Debug_Win32_v141\libsigogl32mdd.pdb'; linking object as if no debug info
libsigogl32mdd.lib(ws_window.obj) : warning LNK4099: PDB 'libsigogl32mdd.pdb' was not found with 'libsigogl32mdd.lib(ws_window.obj)' or at 'C:\Users\Veronica\Documents\CSE170\PA7\sigpolyed\vs2017\obj\sigapp_Debug_Win32_v141\libsigogl32mdd.pdb'; linking object as if no debug info
libsigogl32mdd.lib(glr_lines2.obj) : warning LNK4099: PDB 'libsigogl32mdd.pdb' was not found with 'libsigogl32mdd.lib(glr_lines2.obj)' or at 'C:\Users\Veronica\Documents\CSE170\PA7\sigpolyed\vs2017\obj\sigapp_Debug_Win32_v141\libsigogl32mdd.pdb'; linking object as if no debug info
libsigogl32mdd.lib(ui_check_button.obj) : warning LNK4099: PDB 'libsigogl32mdd.pdb' was not found with 'libsigogl32mdd.lib(ui_check_button.obj)' or at 'C:\Users\Veronica\Documents\CSE170\PA7\sigpolyed\vs2017\obj\sigapp_Debug_Win32_v141\libsigogl32mdd.pdb'; linking object as if no debug info
libsigogl32mdd.lib(ui_color_chooser.obj) : warning LNK4099: PDB 'libsigogl32mdd.pdb' was not found with 'libsigogl32mdd.lib(ui_color_chooser.obj)' or at 'C:\Users\Veronica\Documents\CSE170\PA7\sigpolyed\vs2017\obj\sigapp_Debug_Win32_v141\libsigogl32mdd.pdb'; linking object as if no debug info
libsigogl32mdd.lib(ui_dialogs.obj) : warning LNK4099: PDB 'libsigogl32mdd.pdb' was not found with 'libsigogl32mdd.lib(ui_dialogs.obj)' or at 'C:\Users\Veronica\Documents\CSE170\PA7\sigpolyed\vs2017\obj\sigapp_Debug_Win32_v141\libsigogl32mdd.pdb'; linking object as if no debug info
libsigogl32mdd.lib(ui_element.obj) : warning LNK4099: PDB 'libsigogl32mdd.pdb' was not found with 'libsigogl32mdd.lib(ui_element.obj)' or at 'C:\Users\Veronica\Documents\CSE170\PA7\sigpolyed\vs2017\obj\sigapp_Debug_Win32_v141\libsigogl32mdd.pdb'; linking object as if no debug info
libsigogl32mdd.lib(ui_input.obj) : warning LNK4099: PDB 'libsigogl32mdd.pdb' was not found with 'libsigogl32mdd.lib(ui_input.obj)' or at 'C:\Users\Veronica\Documents\CSE170\PA7\sigpolyed\vs2017\obj\sigapp_Debug_Win32_v141\libsigogl32mdd.pdb'; linking object as if no debug info
libsigogl32mdd.lib(ui_label.obj) : warning LNK4099: PDB 'libsigogl32mdd.pdb' was not found with 'libsigogl32mdd.lib(ui_label.obj)' or at 'C:\Users\Veronica\Documents\CSE170\PA7\sigpolyed\vs2017\obj\sigapp_Debug_Win32_v141\libsigogl32mdd.pdb'; linking object as if no debug info
libsigogl32mdd.lib(ui_manager.obj) : warning LNK4099: PDB 'libsigogl32mdd.pdb' was not found with 'libsigogl32mdd.lib(ui_manager.obj)' or at 'C:\Users\Veronica\Documents\CSE170\PA7\sigpolyed\vs2017\obj\sigapp_Debug_Win32_v141\libsigogl32mdd.pdb'; linking object as if no debug info
libsigogl32mdd.lib(ui_output.obj) : warning LNK4099: PDB 'libsigogl32mdd.pdb' was not found with 'libsigogl32mdd.lib(ui_output.obj)' or at 'C:\Users\Veronica\Documents\CSE170\PA7\sigpolyed\vs2017\obj\sigapp_Debug_Win32_v141\libsigogl32mdd.pdb'; linking object as if no debug info
libsigogl32mdd.lib(ui_radio_button.obj) : warning LNK4099: PDB 'libsigogl32mdd.pdb' was not found with 'libsigogl32mdd.lib(ui_radio_button.obj)' or at 'C:\Users\Veronica\Documents\CSE170\PA7\sigpolyed\vs2017\obj\sigapp_Debug_Win32_v141\libsigogl32mdd.pdb'; linking object as if no debug info
libsigogl32mdd.lib(ui_slider.obj) : warning LNK4099: PDB 'libsigogl32mdd.pdb' was not found with 'libsigogl32mdd.lib(ui_slider.obj)' or at 'C:\Users\Veronica\Documents\CSE170\PA7\sigpolyed\vs2017\obj\sigapp_Debug_Win32_v141\libsigogl32mdd.pdb'; linking object as if no debug info
libsigos32mdd.lib(wsi_mswin.obj) : warning LNK4099: PDB 'libsigos32mdd.pdb' was not found with 'libsigos32mdd.lib(wsi_mswin.obj)' or at 'C:\Users\Veronica\Documents\CSE170\PA7\sigpolyed\vs2017\obj\sigapp_Debug_Win32_v141\libsigos32mdd.pdb'; linking object as if no debug info
  sigpolyed.vcxproj -> C:\Users\Veronica\Documents\CSE170\PA7\sigpolyed\vs2017\\obj\sigapp_Debug_Win32_v141\sigapp32mdd.exe
          1 file(s) copied.
